Building DAG of jobs...
Using shell: /usr/bin/bash
Provided cores: 4
Rules claiming more threads will be scaled down.
Job stats:
job                  count    min threads    max threads
-----------------  -------  -------------  -------------
all                      1              1              1
rf_threshold_prep        1              4              4
total                    2              1              4

Select jobs to execute...

[Mon Feb 16 17:07:52 2026]
rule rf_threshold_prep:
    input: ../../data_preprocessing/inputs/modeling_input.txt, results/iteration1/random_forest/splits.npz
    output: results/random_forest/cal_probs.tsv, results/random_forest/cal_pr_curve.png, results/random_forest/cal_roc_curve.png, results/random_forest/threshold_table.tsv
    jobid: 1
    reason: Missing output files: results/random_forest/threshold_table.tsv
    threads: 4
    resources: tmpdir=/tmp, time=60, mem_mb=12000, mem_mib=11445, nodes=1, cpus_per_task=4, ntasks=1

[Mon Feb 16 17:07:58 2026]
Finished job 1.
1 of 2 steps (50%) done
Select jobs to execute...

[Mon Feb 16 17:07:58 2026]
localrule all:
    input: results/random_forest/threshold_table.tsv
    jobid: 0
    reason: Input files updated by another job: results/random_forest/threshold_table.tsv
    resources: tmpdir=/tmp

[Mon Feb 16 17:07:58 2026]
Finished job 0.
2 of 2 steps (100%) done
Complete log: .snakemake/log/2026-02-16T170748.239811.snakemake.log
