Building DAG of jobs...
Using shell: /usr/bin/bash
Provided cores: 4
Rules claiming more threads will be scaled down.
Job stats:
job                  count    min threads    max threads
-----------------  -------  -------------  -------------
all                      1              1              1
rf_threshold_prep        1              4              4
total                    2              1              4

Select jobs to execute...

[Tue Feb 17 11:26:32 2026]
rule rf_threshold_prep:
    input: ../../data_preprocessing/inputs/modeling_input.txt, results/hyperparameter_tuning/splits.npz
    output: results/threshold_testing/cal_probs.tsv, results/threshold_testing/cal_pr_curve.png, results/threshold_testing/cal_roc_curve.png, results/threshold_testing/threshold_table.tsv
    jobid: 1
    reason: Missing output files: results/threshold_testing/threshold_table.tsv
    threads: 4
    resources: tmpdir=/tmp, time=60, mem_mb=12000, mem_mib=11445, nodes=1, cpus_per_task=4, ntasks=1

[Tue Feb 17 11:26:37 2026]
Finished job 1.
1 of 2 steps (50%) done
Select jobs to execute...

[Tue Feb 17 11:26:37 2026]
localrule all:
    input: results/threshold_testing/threshold_table.tsv
    jobid: 0
    reason: Input files updated by another job: results/threshold_testing/threshold_table.tsv
    resources: tmpdir=/tmp

[Tue Feb 17 11:26:37 2026]
Finished job 0.
2 of 2 steps (100%) done
Complete log: .snakemake/log/2026-02-17T112628.256675.snakemake.log
