Building DAG of jobs...
Using shell: /usr/bin/bash
Provided cores: 4
Rules claiming more threads will be scaled down.
Job stats:
job                      count    min threads    max threads
---------------------  -------  -------------  -------------
all                          1              1              1
rf_feature_importance        1              4              4
total                        2              1              4

Select jobs to execute...

[Wed Feb 18 10:31:26 2026]
rule rf_feature_importance:
    input: ../../data_preprocessing/inputs/modeling_input.txt
    output: results/final_training/importance_scores.csv
    jobid: 2
    reason: Missing output files: results/final_training/importance_scores.csv
    threads: 4
    resources: tmpdir=/tmp, time=60, mem_mb=12000, mem_mib=11445, nodes=1, cpus_per_task=4, ntasks=1

Exiting because a job execution failed. Look above for error message
Complete log: .snakemake/log/2026-02-18T103123.249975.snakemake.log
