Building DAG of jobs...
Using shell: /usr/bin/bash
Provided cores: 4
Rules claiming more threads will be scaled down.
Job stats:
job                       count    min threads    max threads
----------------------  -------  -------------  -------------
all                           1              1              1
rf_internal_test_fixed        1              4              4
total                         2              1              4

Select jobs to execute...

[Tue Feb 17 11:17:02 2026]
rule rf_internal_test_fixed:
    input: ../../data_preprocessing/inputs/modeling_input.txt, results/iteration1/random_forest/splits.npz
    output: results/iteration1/random_forest/test_probs.tsv, results/iteration1/random_forest/test_metrics.tsv
    jobid: 1
    reason: Missing output files: results/iteration1/random_forest/test_probs.tsv
    threads: 4
    resources: tmpdir=/tmp

[Tue Feb 17 11:17:07 2026]
Finished job 1.
1 of 2 steps (50%) done
Select jobs to execute...

[Tue Feb 17 11:17:07 2026]
localrule all:
    input: results/iteration1/random_forest/test_probs.tsv
    jobid: 0
    reason: Input files updated by another job: results/iteration1/random_forest/test_probs.tsv
    resources: tmpdir=/tmp

[Tue Feb 17 11:17:07 2026]
Finished job 0.
2 of 2 steps (100%) done
Complete log: .snakemake/log/2026-02-17T111659.925832.snakemake.log
