Building DAG of jobs...
Using shell: /usr/bin/bash
Provided cores: 4
Rules claiming more threads will be scaled down.
Job stats:
job               count    min threads    max threads
--------------  -------  -------------  -------------
all                   1              1              1
combine_tables        1              1              1
gatk_table            1              1              1
split_table           1              1              1
total                 4              1              1

Select jobs to execute...

[Wed Feb 18 11:15:23 2026]
rule gatk_table:
    input: ../demo_data/training/chr1_ExtraSmall.vcf.gz
    output: data_preprocessing/inputs/modeling.table
    jobid: 1
    reason: Missing output files: data_preprocessing/inputs/modeling.table
    resources: tmpdir=/tmp, time=60, mem_mb=6000, mem_mib=5723


            # Convert VCF to a flat table for downstream modeling.
            # Extract core variant fields + genotype (GT) and
            # split multi-allelic sites to ensure one row per allele,
            # simplifying feature matrix construction. 

            gatk VariantsToTable                 -V ../demo_data/training/chr1_ExtraSmall.vcf.gz                 -F ID -F CHROM -F POS -F REF -F ALT -GF GT                 --split-multi-allelic true                 -O data_preprocessing/inputs/modeling.table
        
[Wed Feb 18 11:15:27 2026]
Finished job 1.
1 of 4 steps (25%) done
Select jobs to execute...

[Wed Feb 18 11:15:27 2026]
checkpoint split_table:
    input: data_preprocessing/inputs/modeling.table
    output: data_preprocessing/inputs/raw_tables
    jobid: 2
    reason: Missing output files: data_preprocessing/inputs/raw_tables; Input files updated by another job: data_preprocessing/inputs/modeling.table
    resources: tmpdir=/tmp, time=10, mem_mb=12000, mem_mib=11445
DAG of jobs will be updated after completion.

[Wed Feb 18 11:15:30 2026]
Finished job 2.
2 of 4 steps (50%) done
Select jobs to execute...

[Wed Feb 18 11:15:30 2026]
rule convert_tables:
    input: data_preprocessing/inputs/raw_tables/part_1.txt
    output: data_preprocessing/inputs/converted_tables/part_1.txt
    jobid: 7
    reason: Missing output files: data_preprocessing/inputs/converted_tables/part_1.txt
    wildcards: num=1
    resources: tmpdir=/tmp, time=30, mem_mb=12000, mem_mib=11445, cpus=4

[Wed Feb 18 11:15:32 2026]
Finished job 7.
3 of 5 steps (60%) done
Select jobs to execute...

[Wed Feb 18 11:15:32 2026]
rule combine_tables:
    input: data_preprocessing/inputs/converted_tables/part_1.txt
    output: data_preprocessing/inputs/modeling_input.txt
    jobid: 3
    reason: Missing output files: data_preprocessing/inputs/modeling_input.txt; Input files updated by another job: data_preprocessing/inputs/converted_tables/part_1.txt
    resources: tmpdir=/tmp, time=120, mem_mb=12000, mem_mib=11445

[Wed Feb 18 11:15:35 2026]
Finished job 3.
4 of 5 steps (80%) done
Select jobs to execute...

[Wed Feb 18 11:15:35 2026]
localrule all:
    input: data_preprocessing/inputs/modeling.table, data_preprocessing/inputs/raw_tables, data_preprocessing/inputs/modeling_input.txt
    jobid: 0
    reason: Input files updated by another job: data_preprocessing/inputs/modeling_input.txt
    resources: tmpdir=/tmp

[Wed Feb 18 11:15:35 2026]
Finished job 0.
5 of 5 steps (100%) done
Complete log: .snakemake/log/2026-02-18T111517.258242.snakemake.log
