Building DAG of jobs...
Using shell: /usr/bin/bash
Provided cores: 1 (use --cores to define parallelism)
Rules claiming more threads will be scaled down.
Job stats:
job                         count    min threads    max threads
------------------------  -------  -------------  -------------
RF_final_training               1              1              1
RF_hyperparameter_tuning        1              1              1
RF_test_metrics                 1              1              1
RF_threshold_tuning             1              1              1
all                             1              1              1
total                           5              1              1

Select jobs to execute...

[Sun Apr 26 10:33:34 2026]
rule RF_hyperparameter_tuning:
    output: .done_rf/RF_hyperparameter_tuning.done
    log: logs/RF_hyperparameter_tuning.log
    jobid: 4
    reason: Missing output files: .done_rf/RF_hyperparameter_tuning.done
    resources: tmpdir=/tmp


        mkdir -p logs
        snakemake -s pipelines/RF_hyperparameter_tuning.smk \
                  --cores 4 --rerun-incomplete --nolock \
                  --configfile config.yaml --rerun-triggers mtime \
                  > logs/RF_hyperparameter_tuning.log 2>&1
        touch .done_rf/RF_hyperparameter_tuning.done
        
[Sun Apr 26 10:33:39 2026]
Finished job 4.
1 of 5 steps (20%) done
Select jobs to execute...

[Sun Apr 26 10:33:39 2026]
rule RF_threshold_tuning:
    input: .done_rf/RF_hyperparameter_tuning.done
    output: .done_rf/RF_threshold_tuning.done
    log: logs/RF_threshold_tuning.log
    jobid: 3
    reason: Missing output files: .done_rf/RF_threshold_tuning.done; Input files updated by another job: .done_rf/RF_hyperparameter_tuning.done
    resources: tmpdir=/tmp


        mkdir -p logs
        snakemake -s pipelines/RF_threshold_tuning.smk \
                  --cores 4 --rerun-incomplete --nolock \
                  --configfile config.yaml --rerun-triggers mtime \
                  > logs/RF_threshold_tuning.log 2>&1
        touch .done_rf/RF_threshold_tuning.done
        
[Sun Apr 26 10:33:42 2026]
Finished job 3.
2 of 5 steps (40%) done
Select jobs to execute...

[Sun Apr 26 10:33:42 2026]
rule RF_test_metrics:
    input: .done_rf/RF_threshold_tuning.done
    output: .done_rf/RF_test_metrics.done
    log: logs/RF_test_metrics.log
    jobid: 2
    reason: Missing output files: .done_rf/RF_test_metrics.done; Input files updated by another job: .done_rf/RF_threshold_tuning.done
    resources: tmpdir=/tmp


        mkdir -p logs
        snakemake -s pipelines/RF_test_metrics.smk \
                  --cores 4 --rerun-incomplete --nolock \
                  --configfile config.yaml --rerun-triggers mtime \
                  > logs/RF_test_metrics.log 2>&1
        touch .done_rf/RF_test_metrics.done
        
[Sun Apr 26 10:33:45 2026]
Finished job 2.
3 of 5 steps (60%) done
Select jobs to execute...

[Sun Apr 26 10:33:45 2026]
rule RF_final_training:
    input: .done_rf/RF_test_metrics.done
    output: .done_rf/RF_final_training.done
    log: logs/RF_final_training.log
    jobid: 1
    reason: Missing output files: .done_rf/RF_final_training.done; Input files updated by another job: .done_rf/RF_test_metrics.done
    resources: tmpdir=/tmp


        mkdir -p logs
        snakemake -s pipelines/RF_final_training.smk \
                  --cores 4 --rerun-incomplete --nolock \
                  --configfile config.yaml --rerun-triggers mtime \
                  > logs/RF_final_training.log 2>&1
        touch .done_rf/RF_final_training.done
        
/usr/bin/bash: line 5: 1047445 Killed                  snakemake -s pipelines/RF_final_training.smk --cores 4 --rerun-incomplete --nolock --configfile config.yaml --rerun-triggers mtime > logs/RF_final_training.log 2>&1
[Sun Apr 26 10:37:40 2026]
Error in rule RF_final_training:
    jobid: 1
    input: .done_rf/RF_test_metrics.done
    output: .done_rf/RF_final_training.done
    log: logs/RF_final_training.log (check log file(s) for error details)
    shell:
        
        mkdir -p logs
        snakemake -s pipelines/RF_final_training.smk \
                  --cores 4 --rerun-incomplete --nolock \
                  --configfile config.yaml --rerun-triggers mtime \
                  > logs/RF_final_training.log 2>&1
        touch .done_rf/RF_final_training.done
        
        (one of the commands exited with non-zero exit code; note that snakemake uses bash strict mode!)

Exiting because a job execution failed. Look above for error message
Complete log: .snakemake/log/2026-04-26T103329.254453.snakemake.log
